<?xml version="1.0" encoding="UTF-8"?>
<testng-results ignored="0" total="1" passed="1" failed="0" skipped="0">
  <reporter-output>
  </reporter-output>
  <suite started-at="2022-07-06T14:58:26 IST" name="Default suite" finished-at="2022-07-06T14:58:26 IST" duration-ms="219">
    <groups>
    </groups>
    <test started-at="2022-07-06T14:58:26 IST" name="Default test" finished-at="2022-07-06T14:58:26 IST" duration-ms="219">
      <class name="com.qa.testLayer.HomePageTest">
        <test-method is-config="true" signature="launchDriver()[pri:0, instance:com.qa.testLayer.HomePageTest@7e07db1f]" started-at="2022-07-06T14:58:08 IST" name="launchDriver" finished-at="2022-07-06T14:58:26 IST" duration-ms="18700" status="PASS">
          <reporter-output>
          </reporter-output>
        </test-method> <!-- launchDriver -->
        <test-method signature="logo()[pri:0, instance:com.qa.testLayer.HomePageTest@7e07db1f]" started-at="2022-07-06T14:58:26 IST" name="logo" finished-at="2022-07-06T14:58:26 IST" duration-ms="140" status="PASS">
          <reporter-output>
          </reporter-output>
        </test-method> <!-- logo -->
        <test-method is-config="true" signature="tearDown()[pri:0, instance:com.qa.testLayer.HomePageTest@7e07db1f]" started-at="2022-07-06T14:58:26 IST" name="tearDown" finished-at="2022-07-06T14:58:27 IST" duration-ms="720" status="PASS">
          <reporter-output>
          </reporter-output>
        </test-method> <!-- tearDown -->
      </class> <!-- com.qa.testLayer.HomePageTest -->
    </test> <!-- Default test -->
  </suite> <!-- Default suite -->
</testng-results>
