<?xml version="1.0" encoding="UTF-8"?>
<testng-results ignored="0" total="4" passed="4" failed="0" skipped="0">
  <reporter-output>
  </reporter-output>
  <suite started-at="2022-07-12T16:16:16 IST" name="Default suite" finished-at="2022-07-12T16:16:17 IST" duration-ms="1110">
    <groups>
    </groups>
    <test started-at="2022-07-12T16:16:16 IST" name="Default test" finished-at="2022-07-12T16:16:17 IST" duration-ms="1110">
      <class name="com.qa.TestLayer.HomePageTest">
        <test-method is-config="true" signature="launchurl()[pri:0, instance:com.qa.TestLayer.HomePageTest@7e07db1f]" started-at="2022-07-12T16:15:37 IST" name="launchurl" finished-at="2022-07-12T16:16:16 IST" duration-ms="38597" status="PASS">
          <reporter-output>
          </reporter-output>
        </test-method> <!-- launchurl -->
        <test-method signature="clickXpathPractice()[pri:0, instance:com.qa.TestLayer.HomePageTest@7e07db1f]" started-at="2022-07-12T16:16:16 IST" name="clickXpathPractice" finished-at="2022-07-12T16:16:17 IST" duration-ms="804" status="PASS">
          <reporter-output>
          </reporter-output>
        </test-method> <!-- clickXpathPractice -->
        <test-method signature="moveToSelenuimPractice()[pri:0, instance:com.qa.TestLayer.HomePageTest@7e07db1f]" started-at="2022-07-12T16:16:17 IST" name="moveToSelenuimPractice" finished-at="2022-07-12T16:16:17 IST" duration-ms="25" status="PASS">
          <reporter-output>
          </reporter-output>
        </test-method> <!-- moveToSelenuimPractice -->
        <test-method signature="verifyLogo()[pri:0, instance:com.qa.TestLayer.HomePageTest@7e07db1f]" started-at="2022-07-12T16:16:17 IST" name="verifyLogo" finished-at="2022-07-12T16:16:17 IST" duration-ms="157" status="PASS">
          <reporter-output>
          </reporter-output>
        </test-method> <!-- verifyLogo -->
        <test-method signature="verifyTitle()[pri:0, instance:com.qa.TestLayer.HomePageTest@7e07db1f]" started-at="2022-07-12T16:16:17 IST" name="verifyTitle" finished-at="2022-07-12T16:16:17 IST" duration-ms="28" status="PASS">
          <reporter-output>
          </reporter-output>
        </test-method> <!-- verifyTitle -->
      </class> <!-- com.qa.TestLayer.HomePageTest -->
    </test> <!-- Default test -->
  </suite> <!-- Default suite -->
</testng-results>
