<?xml version="1.0" encoding="UTF-8"?>
<!-- Generated by org.testng.reporters.JUnitXMLReporter -->
<testsuite ignored="0" hostname="Hanmant" failures="0" tests="4" name="Default test" time="1.11" errors="0" timestamp="2022-07-12T16:16:17 IST">
  <testcase classname="com.qa.TestLayer.HomePageTest" name="clickXpathPractice" time="0.804"/>
  <testcase classname="com.qa.TestLayer.HomePageTest" name="moveToSelenuimPractice" time="0.025"/>
  <testcase classname="com.qa.TestLayer.HomePageTest" name="verifyLogo" time="0.157"/>
  <testcase classname="com.qa.TestLayer.HomePageTest" name="verifyTitle" time="0.028"/>
</testsuite> <!-- Default test -->
