<?xml version="1.0" encoding="UTF-8"?>
<testng-results ignored="0" total="1" passed="1" failed="0" skipped="0">
  <reporter-output>
  </reporter-output>
  <suite started-at="2022-07-08T13:21:26 IST" name="Default suite" finished-at="2022-07-08T13:21:28 IST" duration-ms="1151">
    <groups>
    </groups>
    <test started-at="2022-07-08T13:21:26 IST" name="Default test" finished-at="2022-07-08T13:21:28 IST" duration-ms="1151">
      <class name="practice.ExcelPractice">
        <test-method signature="sheet1()[pri:0, instance:practice.ExcelPractice@40ef3420]" started-at="2022-07-08T13:21:26 IST" name="sheet1" finished-at="2022-07-08T13:21:28 IST" duration-ms="1105" status="PASS">
          <reporter-output>
          </reporter-output>
        </test-method> <!-- sheet1 -->
      </class> <!-- practice.ExcelPractice -->
    </test> <!-- Default test -->
  </suite> <!-- Default suite -->
</testng-results>
