<?xml version="1.0" encoding="UTF-8"?>
<testng-results ignored="0" total="1" passed="1" failed="0" skipped="0">
  <reporter-output>
  </reporter-output>
  <suite started-at="2022-07-06T14:12:13 IST" name="Default suite" finished-at="2022-07-06T14:12:15 IST" duration-ms="1938">
    <groups>
    </groups>
    <test started-at="2022-07-06T14:12:13 IST" name="Default test" finished-at="2022-07-06T14:12:15 IST" duration-ms="1938">
      <class name="com.OrangeHRM.TestLayer.LoginPageTest">
        <test-method is-config="true" signature="launchDriver()[pri:0, instance:com.OrangeHRM.TestLayer.LoginPageTest@3a93b025]" started-at="2022-07-06T14:11:58 IST" name="launchDriver" finished-at="2022-07-06T14:12:13 IST" duration-ms="15422" status="PASS">
          <reporter-output>
          </reporter-output>
        </test-method> <!-- launchDriver -->
        <test-method signature="login()[pri:0, instance:com.OrangeHRM.TestLayer.LoginPageTest@3a93b025]" started-at="2022-07-06T14:12:13 IST" name="login" finished-at="2022-07-06T14:12:15 IST" duration-ms="1867" status="PASS">
          <reporter-output>
          </reporter-output>
        </test-method> <!-- login -->
      </class> <!-- com.OrangeHRM.TestLayer.LoginPageTest -->
    </test> <!-- Default test -->
  </suite> <!-- Default suite -->
</testng-results>
